<?xml version="1.0" encoding="UTF-8"?>
<testng-results skipped="0" failed="0" ignored="0" total="1" passed="1">
  <reporter-output>
  </reporter-output>
  <suite name="Default suite" duration-ms="35683" started-at="2019-05-13T06:16:42Z" finished-at="2019-05-13T06:17:18Z">
    <groups>
    </groups>
    <test name="Default test" duration-ms="35683" started-at="2019-05-13T06:16:42Z" finished-at="2019-05-13T06:17:18Z">
      <class name="com.seleniumproject.DynamicWebTable">
        <test-method status="PASS" signature="webTable()[pri:0, instance:com.seleniumproject.DynamicWebTable@604ed9f0]" name="webTable" duration-ms="35532" started-at="2019-05-13T06:16:42Z" finished-at="2019-05-13T06:17:18Z">
          <reporter-output>
          </reporter-output>
        </test-method> <!-- webTable -->
      </class> <!-- com.seleniumproject.DynamicWebTable -->
    </test> <!-- Default test -->
  </suite> <!-- Default suite -->
</testng-results>
