<?xml version="1.0" encoding="UTF-8"?>
<testng-results skipped="0" failed="0" ignored="0" total="1" passed="1">
  <reporter-output>
  </reporter-output>
  <suite name="Default suite" duration-ms="40287" started-at="2019-01-28T08:32:32Z" finished-at="2019-01-28T08:33:13Z">
    <groups>
    </groups>
    <test name="Default test" duration-ms="40287" started-at="2019-01-28T08:32:32Z" finished-at="2019-01-28T08:33:13Z">
      <class name="com.guru99.Test.TestCase01Test">
        <test-method status="PASS" signature="testCase01()[pri:0, instance:com.guru99.Test.TestCase01Test@396a51ab]" name="testCase01" duration-ms="40248" started-at="2019-01-28T08:32:33Z" finished-at="2019-01-28T08:33:13Z">
          <reporter-output>
          </reporter-output>
        </test-method> <!-- testCase01 -->
      </class> <!-- com.guru99.Test.TestCase01Test -->
    </test> <!-- Default test -->
  </suite> <!-- Default suite -->
</testng-results>
