<?xml version="1.0" encoding="UTF-8"?>
<testng-results skipped="0" failed="0" ignored="0" total="1" passed="1">
  <reporter-output>
  </reporter-output>
  <suite name="Default suite" duration-ms="53536" started-at="2019-01-21T08:56:33Z" finished-at="2019-01-21T08:57:26Z">
    <groups>
    </groups>
    <test name="Default test" duration-ms="53536" started-at="2019-01-21T08:56:33Z" finished-at="2019-01-21T08:57:26Z">
      <class name="com.actitime.customertest.CustomerTest">
        <test-method status="PASS" signature="setPathForExe()[pri:0, instance:com.actitime.customertest.CustomerTest@224edc67]" name="setPathForExe" is-config="true" duration-ms="16" started-at="2019-01-21T08:56:33Z" finished-at="2019-01-21T08:56:33Z">
          <reporter-output>
          </reporter-output>
        </test-method> <!-- setPathForExe -->
        <test-method status="PASS" signature="configBc()[pri:0, instance:com.actitime.customertest.CustomerTest@224edc67]" name="configBc" is-config="true" duration-ms="26270" started-at="2019-01-21T08:56:33Z" finished-at="2019-01-21T08:56:59Z">
          <reporter-output>
          </reporter-output>
        </test-method> <!-- configBc -->
        <test-method status="PASS" signature="configBM()[pri:0, instance:com.actitime.customertest.CustomerTest@224edc67]" name="configBM" is-config="true" duration-ms="13944" started-at="2019-01-21T08:56:59Z" finished-at="2019-01-21T08:57:13Z">
          <reporter-output>
          </reporter-output>
        </test-method> <!-- configBM -->
        <test-method status="PASS" signature="createCustomerTest()[pri:0, instance:com.actitime.customertest.CustomerTest@224edc67]" name="createCustomerTest" duration-ms="3395" started-at="2019-01-21T08:57:13Z" finished-at="2019-01-21T08:57:16Z">
          <reporter-output>
          </reporter-output>
        </test-method> <!-- createCustomerTest -->
        <test-method status="PASS" signature="configAM()[pri:0, instance:com.actitime.customertest.CustomerTest@224edc67]" name="configAM" is-config="true" duration-ms="2111" started-at="2019-01-21T08:57:16Z" finished-at="2019-01-21T08:57:18Z">
          <reporter-output>
          </reporter-output>
        </test-method> <!-- configAM -->
        <test-method status="PASS" signature="configAC()[pri:0, instance:com.actitime.customertest.CustomerTest@224edc67]" name="configAC" is-config="true" duration-ms="7779" started-at="2019-01-21T08:57:18Z" finished-at="2019-01-21T08:57:26Z">
          <reporter-output>
          </reporter-output>
        </test-method> <!-- configAC -->
      </class> <!-- com.actitime.customertest.CustomerTest -->
    </test> <!-- Default test -->
  </suite> <!-- Default suite -->
</testng-results>
